[2019-05-14 21:10:54,563] INFO Starting the log cleaner (kafka.log.LogCleaner)
[2019-05-14 21:10:54,623] INFO [kafka-log-cleaner-thread-0]: Starting (kafka.log.LogCleaner)
[2019-05-14 21:13:58,447] INFO Starting the log cleaner (kafka.log.LogCleaner)
[2019-05-14 21:13:58,505] INFO [kafka-log-cleaner-thread-0]: Starting (kafka.log.LogCleaner)
[2019-05-14 21:40:50,804] INFO Starting the log cleaner (kafka.log.LogCleaner)
[2019-05-14 21:40:50,860] INFO [kafka-log-cleaner-thread-0]: Starting (kafka.log.LogCleaner)
[2019-05-14 21:58:59,027] INFO Starting the log cleaner (kafka.log.LogCleaner)
[2019-05-14 21:58:59,087] INFO [kafka-log-cleaner-thread-0]: Starting (kafka.log.LogCleaner)
[2019-05-14 22:04:18,524] INFO Starting the log cleaner (kafka.log.LogCleaner)
[2019-05-14 22:04:18,585] INFO [kafka-log-cleaner-thread-0]: Starting (kafka.log.LogCleaner)
[2019-05-14 22:21:56,615] INFO Starting the log cleaner (kafka.log.LogCleaner)
[2019-05-14 22:21:56,680] INFO [kafka-log-cleaner-thread-0]: Starting (kafka.log.LogCleaner)
[2019-05-14 23:05:52,845] INFO Starting the log cleaner (kafka.log.LogCleaner)
[2019-05-14 23:05:52,906] INFO [kafka-log-cleaner-thread-0]: Starting (kafka.log.LogCleaner)
[2019-05-14 23:08:57,471] INFO The cleaning for partition testExample-0 is aborted and paused (kafka.log.LogCleaner)
[2019-05-14 23:08:57,472] INFO The cleaning for partition testExample-0 is aborted (kafka.log.LogCleaner)
[2019-05-14 23:10:32,567] INFO Starting the log cleaner (kafka.log.LogCleaner)
[2019-05-14 23:10:32,625] INFO [kafka-log-cleaner-thread-0]: Starting (kafka.log.LogCleaner)
[2019-05-14 23:10:39,096] INFO The cleaning for partition testExample-0 is aborted and paused (kafka.log.LogCleaner)
[2019-05-14 23:10:39,097] INFO The cleaning for partition testExample-0 is aborted (kafka.log.LogCleaner)
[2019-05-14 23:10:59,541] INFO Starting the log cleaner (kafka.log.LogCleaner)
[2019-05-14 23:10:59,600] INFO [kafka-log-cleaner-thread-0]: Starting (kafka.log.LogCleaner)
[2019-05-14 23:11:05,995] INFO The cleaning for partition testExample-0 is aborted and paused (kafka.log.LogCleaner)
[2019-05-14 23:11:05,996] INFO The cleaning for partition testExample-0 is aborted (kafka.log.LogCleaner)
[2019-05-14 23:11:53,330] INFO Starting the log cleaner (kafka.log.LogCleaner)
[2019-05-14 23:11:53,388] INFO [kafka-log-cleaner-thread-0]: Starting (kafka.log.LogCleaner)
[2019-05-14 23:19:20,404] INFO Starting the log cleaner (kafka.log.LogCleaner)
[2019-05-14 23:19:20,462] INFO [kafka-log-cleaner-thread-0]: Starting (kafka.log.LogCleaner)
[2019-05-27 15:34:34,268] INFO Starting the log cleaner (kafka.log.LogCleaner)
[2019-05-27 15:34:34,356] INFO [kafka-log-cleaner-thread-0]: Starting (kafka.log.LogCleaner)
[2019-05-27 15:49:23,475] INFO Shutting down the log cleaner. (kafka.log.LogCleaner)
[2019-05-27 15:49:23,475] INFO [kafka-log-cleaner-thread-0]: Shutting down (kafka.log.LogCleaner)
[2019-05-27 15:49:23,476] INFO [kafka-log-cleaner-thread-0]: Stopped (kafka.log.LogCleaner)
[2019-05-27 15:49:23,476] INFO [kafka-log-cleaner-thread-0]: Shutdown completed (kafka.log.LogCleaner)
[2019-05-27 15:49:37,038] INFO Starting the log cleaner (kafka.log.LogCleaner)
[2019-05-27 15:49:37,095] INFO [kafka-log-cleaner-thread-0]: Starting (kafka.log.LogCleaner)
[2019-05-27 16:48:10,474] INFO Starting the log cleaner (kafka.log.LogCleaner)
[2019-05-27 16:48:10,562] INFO [kafka-log-cleaner-thread-0]: Starting (kafka.log.LogCleaner)
[2019-05-27 16:48:34,224] INFO Shutting down the log cleaner. (kafka.log.LogCleaner)
[2019-05-27 16:48:34,225] INFO [kafka-log-cleaner-thread-0]: Shutting down (kafka.log.LogCleaner)
[2019-05-27 16:48:34,225] INFO [kafka-log-cleaner-thread-0]: Stopped (kafka.log.LogCleaner)
[2019-05-27 16:48:34,225] INFO [kafka-log-cleaner-thread-0]: Shutdown completed (kafka.log.LogCleaner)
[2019-05-27 16:49:25,582] INFO Starting the log cleaner (kafka.log.LogCleaner)
[2019-05-27 16:49:25,645] INFO [kafka-log-cleaner-thread-0]: Starting (kafka.log.LogCleaner)
[2019-05-27 16:57:47,678] INFO Shutting down the log cleaner. (kafka.log.LogCleaner)
[2019-05-27 16:57:47,678] INFO [kafka-log-cleaner-thread-0]: Shutting down (kafka.log.LogCleaner)
[2019-05-27 16:57:47,679] INFO [kafka-log-cleaner-thread-0]: Stopped (kafka.log.LogCleaner)
[2019-05-27 16:57:47,679] INFO [kafka-log-cleaner-thread-0]: Shutdown completed (kafka.log.LogCleaner)
[2019-05-27 16:58:04,253] INFO Starting the log cleaner (kafka.log.LogCleaner)
[2019-05-27 16:58:04,313] INFO [kafka-log-cleaner-thread-0]: Starting (kafka.log.LogCleaner)
[2019-05-27 16:58:12,836] INFO Starting the log cleaner (kafka.log.LogCleaner)
[2019-05-27 16:58:12,919] INFO [kafka-log-cleaner-thread-0]: Starting (kafka.log.LogCleaner)
[2019-05-27 16:59:35,231] INFO Starting the log cleaner (kafka.log.LogCleaner)
[2019-05-27 16:59:35,311] INFO [kafka-log-cleaner-thread-0]: Starting (kafka.log.LogCleaner)
[2019-05-27 17:14:32,759] INFO Shutting down the log cleaner. (kafka.log.LogCleaner)
[2019-05-27 17:14:32,763] INFO [kafka-log-cleaner-thread-0]: Shutting down (kafka.log.LogCleaner)
[2019-05-27 17:14:32,763] INFO [kafka-log-cleaner-thread-0]: Stopped (kafka.log.LogCleaner)
[2019-05-27 17:14:32,763] INFO [kafka-log-cleaner-thread-0]: Shutdown completed (kafka.log.LogCleaner)
